<?xml version="1.0" encoding="UTF-8"?>
<!-- Generated by org.testng.reporters.JUnitReportReporter -->
<testsuite hostname="Dell" failures="0" tests="1" name="Test_Clasess.VerifyUserCanRemoverProductsFromCart" time="0.005" errors="0" timestamp="2022-06-08T12:15:50 IST" skipped="0">
  <testcase classname="Test_Clasess.VerifyUserCanRemoverProductsFromCart" name="test1" time="0.005"/>
  <system-out/>
</testsuite> <!-- Test_Clasess.VerifyUserCanRemoverProductsFromCart -->
